<?xml version="1.0" encoding="UTF-8"?>
<!-- Generated by org.testng.reporters.JUnitReportReporter -->
<testsuite hostname="YPH1008866LT" failures="0" tests="2" name="yash.TCOEFrameWork_Test.OpenPageTest" time="0.020" errors="0" timestamp="04 Jan 2019 09:44:13 GMT" skipped="1">
  <testcase classname="yash.TCOEFrameWork_Test.OpenPageTest" name="ReadDataFromXML" time="0.020"/>
  <testcase classname="yash.TCOEFrameWork_Test.OpenPageTest" name="ReadDataFromExcel">
    <skipped/>
  </testcase> <!-- ReadDataFromExcel -->
</testsuite> <!-- yash.TCOEFrameWork_Test.OpenPageTest -->
