<?xml version="1.0" encoding="UTF-8"?>
<!-- Generated by org.testng.reporters.JUnitReportReporter -->
<testsuite hostname="YPH1008866LT" failures="0" tests="3" name="TestCases.OpenPageTest" time="12.894" errors="0" timestamp="09 Jan 2019 09:48:24 GMT" skipped="0">
  <testcase classname="TestCases.OpenPageTest" name="Login" time="6.016"/>
  <testcase classname="TestCases.OpenPageTest" name="ReadDataFromExcel" time="6.519"/>
  <testcase classname="TestCases.OpenPageTest" name="ReadDataFromXML" time="0.359"/>
</testsuite> <!-- TestCases.OpenPageTest -->
