<?xml version="1.0" encoding="UTF-8"?>
<!-- Generated by org.testng.reporters.JUnitReportReporter -->
<testsuite hostname="YPH1008866LT" failures="0" tests="3" name="TestCases.OpenPageTest" time="7.272" errors="0" timestamp="09 Jan 2019 05:50:15 GMT" skipped="0">
  <testcase classname="TestCases.OpenPageTest" name="Login" time="3.184"/>
  <testcase classname="TestCases.OpenPageTest" name="ReadDataFromExcel" time="3.500"/>
  <testcase classname="TestCases.OpenPageTest" name="ReadDataFromXML" time="0.588"/>
</testsuite> <!-- TestCases.OpenPageTest -->
