<?xml version="1.0" encoding="UTF-8"?>
<!-- Generated by org.testng.reporters.JUnitReportReporter -->
<testsuite hostname="YPH1008866LT" failures="0" tests="2" name="TestCases.XMLTestCase" time="0.660" errors="0" timestamp="11 Jan 2019 10:06:24 GMT" skipped="0">
  <testcase classname="TestCases.XMLTestCase" name="ReadDataXML" time="0.344"/>
  <testcase classname="TestCases.XMLTestCase" name="WriteDataXML" time="0.316"/>
</testsuite> <!-- TestCases.XMLTestCase -->
