<?xml version="1.0" encoding="UTF-8"?>
<!-- Generated by org.testng.reporters.JUnitReportReporter -->
<testsuite hostname="YPH1008866LT" failures="0" tests="2" name="TestCases.OpenPageTest" time="1.665" errors="0" timestamp="08 Jan 2019 10:01:21 GMT" skipped="0">
  <testcase classname="TestCases.OpenPageTest" name="ReadDataFromXML" time="0.238"/>
  <testcase classname="TestCases.OpenPageTest" name="ReadDataFromExcel" time="1.427"/>
</testsuite> <!-- TestCases.OpenPageTest -->
